2024-04-03 11:04:45.731 +0530 [debug] ([34mconfigs.js[0m) [31mloaded default configs as "{"updates":{"manifest_url":"https://cdn.freshdev.io/assets/fdk/pv3_updates.json","period":24},"log":{"level":"info"},"javascript":{"ecma_version":2020},"request":{"timeout":5000},"global_apps":{"enabled":false},"easel":{"enabled":false}}"[0m
2024-04-03 11:04:45.735 +0530 [debug] ([34mconfigs.js[0m) [31mloaded global configs as "{"global_apps":{"enabled":"true"}}"[0m
2024-04-03 11:04:45.736 +0530 [debug] ([34mfile.js[0m) [31mError while requiring /Users/sshaik/Freshworks/DeveloperRelations/DeveloperTools/samples apps on github org/octocat-service-app/.fdk/configs.json: Cannot find module '/Users/sshaik/Freshworks/DeveloperRelations/DeveloperTools/samples apps on github org/octocat-service-app/.fdk/configs.json'
Require stack:
- /usr/local/lib/node_modules/fdk/lib/utils/file.js
- /usr/local/lib/node_modules/fdk/lib/configs.js
- /usr/local/lib/node_modules/fdk/lib/logger.js
- /usr/local/lib/node_modules/fdk/index.js[0m
2024-04-03 11:04:45.737 +0530 [debug] ([34mconfigs.js[0m) [31mloaded local configs as "{}"[0m
2024-04-03 11:04:45.737 +0530 [debug] ([34mconfigs.js[0m) [31mloaded env configs as "{"updates":{},"log":{},"javascript":{},"request":{"timeout":5000}}"[0m
2024-04-03 11:04:45.737 +0530 [debug] ([34mconfigs.js[0m) [31mloaded resolved configs as "{"updates":{"manifest_url":"https://cdn.freshdev.io/assets/fdk/pv3_updates.json","period":24},"log":{"level":"info"},"javascript":{"ecma_version":2020},"request":{"timeout":5000},"global_apps":{"enabled":"true"},"easel":{"enabled":false}}"[0m
2024-04-03 11:04:45.737 +0530 [debug] ([34mlogger.js[0m) [31mStarting FDK in node v20.12.0 on darwin[0m
2024-04-03 11:04:45.737 +0530 [debug] ([34msequelize.js[0m) [31msetting up sqilite at "/Users/sshaik/Freshworks/DeveloperRelations/DeveloperTools/samples apps on github org/octocat-service-app/.fdk/store.sqlite"[0m
2024-04-03 11:04:45.738 +0530 [error] [31m[ERROR][0m  Node.js version of 18.x.x is required to run this SDK. v20.12.0 found.
2024-04-03 11:10:27.460 +0530 [debug] ([34mconfigs.js[0m) [31mloaded default configs as "{"updates":{"manifest_url":"https://cdn.freshdev.io/assets/fdk/pv3_updates.json","period":24},"log":{"level":"info"},"javascript":{"ecma_version":2020},"request":{"timeout":5000},"global_apps":{"enabled":false},"easel":{"enabled":false}}"[0m
2024-04-03 11:10:27.463 +0530 [debug] ([34mconfigs.js[0m) [31mloaded global configs as "{"global_apps":{"enabled":"true"}}"[0m
2024-04-03 11:10:27.464 +0530 [debug] ([34mfile.js[0m) [31mError while requiring /Users/sshaik/Freshworks/DeveloperRelations/DeveloperTools/samples apps on github org/octocat-service-app/.fdk/configs.json: Cannot find module '/Users/sshaik/Freshworks/DeveloperRelations/DeveloperTools/samples apps on github org/octocat-service-app/.fdk/configs.json'
Require stack:
- /usr/local/lib/node_modules/fdk/lib/utils/file.js
- /usr/local/lib/node_modules/fdk/lib/configs.js
- /usr/local/lib/node_modules/fdk/lib/logger.js
- /usr/local/lib/node_modules/fdk/index.js[0m
2024-04-03 11:10:27.465 +0530 [debug] ([34mconfigs.js[0m) [31mloaded local configs as "{}"[0m
2024-04-03 11:10:27.466 +0530 [debug] ([34mconfigs.js[0m) [31mloaded env configs as "{"updates":{},"log":{},"javascript":{},"request":{"timeout":5000}}"[0m
2024-04-03 11:10:27.467 +0530 [debug] ([34mconfigs.js[0m) [31mloaded resolved configs as "{"updates":{"manifest_url":"https://cdn.freshdev.io/assets/fdk/pv3_updates.json","period":24},"log":{"level":"info"},"javascript":{"ecma_version":2020},"request":{"timeout":5000},"global_apps":{"enabled":"true"},"easel":{"enabled":false}}"[0m
2024-04-03 11:10:27.467 +0530 [debug] ([34mlogger.js[0m) [31mStarting FDK in node v18.16.1 on darwin[0m
2024-04-03 11:10:27.467 +0530 [debug] ([34msequelize.js[0m) [31msetting up sqilite at "/Users/sshaik/Freshworks/DeveloperRelations/DeveloperTools/samples apps on github org/octocat-service-app/.fdk/store.sqlite"[0m
2024-04-03 11:10:27.468 +0530 [debug] ([34mdata.js[0m) [31mRead {"version_details":{"cli":{"deprecated":{"version":"<9","message":"This FDK version will be deprecated by September 30, 2023 There will be no further feature updates to this version. For a seamless app building experience, ensure to move to the latest FDK version. For more information, see https://developers.freshdesk.com/v2/docs/migration-overview/#latest_platform_version_migration."},"forced":{"version":"7.0.0","command":"npm install https://dl.freshdev.io/cli/fdk-7.0.0.tgz -g","message":"Your FDK version has been forced updated to v7.0.0, please visit https://community.developers.freshworks.com/t/fdk-v7-0-announcing-node-js-v12-and-es6-support/3606 to know more"},"latest":{"version":"9.1.0","command":"npm install https://cdn.freshdev.io/fdk/v9.1.0-internal.tgz -g","message":"You are on the latest FDK version. For information on the features available as part of this FDK version, see https://developers.freshworks.com/docs/?tab=modules."}},"addon":{"version":"2.0.1","url":"https://cdn.freshdev.io/assets/fdk/addons/addon-2.0.1.zip"}},"last_updated":{"time_stamp":1711965198016}}[0m
2024-04-03 11:10:27.470 +0530 [debug] ([34mupdater.js[0m) [31mlast check more than 24 hours ago, looking for updates again[0m
2024-04-03 11:10:27.688 +0530 [debug] ([34mupdater.js[0m) [31mdownloaded update manifest as {"cli":{"deprecated":{"version":"<9","message":"This FDK version will be deprecated by September 30, 2023 There will be no further feature updates to this version. For a seamless app building experience, ensure to move to the latest FDK version. For more information, see https://developers.freshdesk.com/v2/docs/migration-overview/#latest_platform_version_migration."},"forced":{"version":"7.0.0","command":"npm install https://dl.freshdev.io/cli/fdk-7.0.0.tgz -g","message":"Your FDK version has been forced updated to v7.0.0, please visit https://community.developers.freshworks.com/t/fdk-v7-0-announcing-node-js-v12-and-es6-support/3606 to know more"},"latest":{"version":"9.1.0","command":"npm install https://cdn.freshdev.io/fdk/v9.1.0-internal.tgz -g","message":"You are on the latest FDK version. For information on the features available as part of this FDK version, see https://developers.freshworks.com/docs/?tab=modules."}},"addon":{"version":"2.0.1","url":"https://cdn.freshdev.io/assets/fdk/addons/addon-2.0.1.zip"}}[0m
